<?xml version="1.0" encoding="UTF-8"?>
<!-- Generated by org.testng.reporters.JUnitReportReporter -->
<testsuite hostname="WINDOWS-U4NFUNI" failures="0" tests="2" name="restAPI.sampleAPI" time="4.830" errors="0" timestamp="2022-07-06T12:38:59 EDT" skipped="0">
  <testcase classname="restAPI.sampleAPI" name="testBody" time="3.995"/>
  <system-out/>
  <testcase classname="restAPI.sampleAPI" name="testResponseCode" time="0.835"/>
  <system-out/>
</testsuite> <!-- restAPI.sampleAPI -->
