<?xml version="1.0" encoding="UTF-8"?>
<!-- Generated by org.testng.reporters.JUnitReportReporter -->
<testsuite hostname="WINDOWS-U4NFUNI" failures="0" tests="1" name="NewTest" time="1.913" errors="0" timestamp="2022-07-06T10:35:54 EDT" skipped="0">
  <testcase classname="NewTest" name="verifySearchButton" time="1.913"/>
  <system-out/>
</testsuite> <!-- NewTest -->
