<?xml version="1.0" encoding="UTF-8"?>
<!-- Generated by org.testng.reporters.JUnitReportReporter -->
<testsuite hostname="WINDOWS-U4NFUNI" failures="0" tests="2" name="googlePages.NewTest" time="4.345" errors="0" timestamp="2022-07-06T12:10:48 EDT" skipped="0">
  <testcase classname="googlePages.NewTest" name="verifySearchButton" time="1.438"/>
  <system-out/>
  <testcase classname="googlePages.NewTest" name="verifySearchResult" time="2.907"/>
  <system-out/>
</testsuite> <!-- googlePages.NewTest -->
